#
# A fatal error has been detected by the Java Runtime Environment:
#
#  SIGSEGV (0xb) at pc=0x00007f0b14b5d0d1, pid=13329, tid=13358
#
# JRE version: Java(TM) SE Runtime Environment 18.9 (11.0.7+8) (build 11.0.7+8-LTS)
# Java VM: Java HotSpot(TM) 64-Bit Server VM 18.9 (11.0.7+8-LTS, mixed mode, tiered, compressed oops, g1 gc, linux-amd64)
# Problematic frame:
# C  [libjimage.so+0x40d1]  ImageStrings::find(Endian*, char const*, int*, unsigned int)+0x71
#
# No core dump will be written. Core dumps have been disabled. To enable core dumping, try "ulimit -c unlimited" before starting Java again
#
# If you would like to submit a bug report, please visit:
#   https://bugreport.java.com/bugreport/crash.jsp
#

---------------  S U M M A R Y ------------

Command Line: -agentlib:jdwp=transport=dt_socket,suspend=y,address=localhost:35281 -Dcom.sun.management.jmxremote -Dcom.sun.management.jmxremote.port=36353 -Dcom.sun.management.jmxremote.authenticate=false -Dcom.sun.management.jmxremote.ssl=false -Djava.rmi.server.hostname=localhost -Dspring.jmx.enabled=true -Dspring.application.admin.enabled=true -Djava.security.egd=file:/dev/./urandom -Xverify:none -XX:TieredStopAtLevel=1 -Dspring.boot.project.name=LoginRegister -javaagent:/home/nhat/Data/Programs/sts-4.6.1.RELEASE/configuration/org.eclipse.osgi/239/0/.cp/lib/javaagent-shaded.jar -Dfile.encoding=UTF-8 com.example.LoginRegisterApplication --spring.output.ansi.enabled=always

Host: Intel(R) Core(TM) i3-2328M CPU @ 2.20GHz, 4 cores, 3G, Debian GNU/Linux 10 (buster)
Time: Wed May 13 08:40:29 2020 +07 elapsed time: 363 seconds (0d 0h 6m 3s)

---------------  T H R E A D  ---------------

Current thread (0x00007f0b1078b800):  JavaThread "RMI TCP Accept-36353" daemon [_thread_in_vm, id=13358, stack(0x00007f0ae9348000,0x00007f0ae9449000)]

Stack: [0x00007f0ae9348000,0x00007f0ae9449000],  sp=0x00007f0ae9446110,  free space=1016k
Native frames: (J=compiled Java code, A=aot compiled Java code, j=interpreted, Vv=VM code, C=native code)
C  [libjimage.so+0x40d1]  ImageStrings::find(Endian*, char const*, int*, unsigned int)+0x71
C  [libjimage.so+0x4dba]  ImageFileReader::find_location_index(char const*, unsigned long long*) const+0x3a
C  [libjimage.so+0x52ba]  JIMAGE_FindResource+0xfa
V  [libjvm.so+0x5d0c6e]